√âchec de connexion pour ismail: mot de passe incorrect
√âchec de connexion pour ismail: mot de passe incorrect
Erreur lors de la d√©connexion: Le jeton a √©t√© banni
Erreur lors du rafra√Æchissement du token: 'int' object has no attribute 'id'
Erreur lors du rafra√Æchissement du token: 'int' object has no attribute 'id'
Erreur lors du rafra√Æchissement du token: Le jeton a √©t√© banni
…chec de connexion pour fleuris: mot de passe incorrect
…chec de connexion pour fleuris: mot de passe incorrect
Erreur lors du rafraÓchissement du token: Le jeton a ÈtÈ banni
…chec de connexion: utilisateur mathisfloch29@gmx.fr non trouvÈ
…chec de connexion: utilisateur mathisfloch29@gmx.fr non trouvÈ
…chec de connexion pour mathis: mot de passe incorrect
Tentative de rafraÓchissement sans refresh token
Tentative de dÈconnexion sans refresh token
…chec de connexion: utilisateur mathisfloch29@gmx.fr non trouvÈ
Tentative de rafraÓchissement sans refresh token
Tentative de dÈconnexion sans refresh token
Tentative de r√©initialisation pour email non trouv√©: Ismabouloukt@gmail.com
√âchec de connexion pour Mouboutous: mot de passe incorrect
Tentative de d√©connexion sans refresh token
√âchec de connexion pour Mouboutous: mot de passe incorrect
Tentative de d√©connexion sans refresh token
√âchec de connexion pour Mouboutous: mot de passe incorrect
Tentative de d√©connexion sans refresh token
√âchec de connexion pour Mouboutous: mot de passe incorrect
Tentative de d√©connexion sans refresh token
√âchec de connexion: utilisateur mouboutous non trouv√©
Tentative de d√©connexion sans refresh token
